JPushExample/build/outputs/logs/manifest-merger-debug-report.txt
-- Merging decision tree log ---
manifest
ADDED from parking1\JPushExample\AndroidManifest.xml:2:1-196:12
INJECTED from parking1\JPushExample\AndroidManifest.xml:2:1-196:12
INJECTED from parking1\JPushExample\AndroidManifest.xml:2:1-196:12
INJECTED from parking1\JPushExample\AndroidManifest.xml:2:1-196:12
INJECTED from parking1\JPushExample\AndroidManifest.xml:2:1-196:12
	package
		ADDED from parking1\JPushExample\AndroidManifest.xml:3:5-34
	android:versionName
		ADDED from parking1\JPushExample\AndroidManifest.xml:5:5-32
		INJECTED from parking1\JPushExample\AndroidManifest.xml
		INJECTED from parking1\JPushExample\AndroidManifest.xml
	xmlns:android
		ADDED from parking1\JPushExample\AndroidManifest.xml:2:11-69
	android:versionCode
		ADDED from parking1\JPushExample\AndroidManifest.xml:4:5-30
		INJECTED from parking1\JPushExample\AndroidManifest.xml
		INJECTED from parking1\JPushExample\AndroidManifest.xml
permission#com.example.parking.permission.JPUSH_MESSAGE
ADDED from parking1\JPushExample\AndroidManifest.xml:10:5-12:47
	android:protectionLevel
		ADDED from parking1\JPushExample\AndroidManifest.xml:12:9-44
	android:name
		ADDED from parking1\JPushExample\AndroidManifest.xml:11:9-68
uses-permission#com.example.parking.permission.JPUSH_MESSAGE
ADDED from parking1\JPushExample\AndroidManifest.xml:15:5-84
	android:name
		ADDED from parking1\JPushExample\AndroidManifest.xml:15:22-81
uses-permission#android.permission.RECEIVE_USER_PRESENT
ADDED from parking1\JPushExample\AndroidManifest.xml:16:5-79
	android:name
		ADDED from parking1\JPushExample\AndroidManifest.xml:16:22-76
uses-permission#android.permission.INTERNET
ADDED from parking1\JPushExample\AndroidManifest.xml:17:5-67
	android:name
		ADDED from parking1\JPushExample\AndroidManifest.xml:17:22-64
uses-permission#android.permission.READ_PHONE_STATE
ADDED from parking1\JPushExample\AndroidManifest.xml:18:5-75
	android:name
		ADDED from parking1\JPushExample\AndroidManifest.xml:18:22-72
uses-permission#android.permission.WRITE_EXTERNAL_STORAGE
ADDED from parking1\JPushExample\AndroidManifest.xml:19:5-81
	android:name
		ADDED from parking1\JPushExample\AndroidManifest.xml:19:22-78
uses-permission#android.permission.READ_EXTERNAL_STORAGE
ADDED from parking1\JPushExample\AndroidManifest.xml:20:5-80
	android:name
		ADDED from parking1\JPushExample\AndroidManifest.xml:20:22-77
uses-permission#android.permission.WRITE_SETTINGS
ADDED from parking1\JPushExample\AndroidManifest.xml:21:5-73
	android:name
		ADDED from parking1\JPushExample\AndroidManifest.xml:21:22-70
uses-permission#android.permission.MOUNT_UNMOUNT_FILESYSTEMS
ADDED from parking1\JPushExample\AndroidManifest.xml:22:5-84
	android:name
		ADDED from parking1\JPushExample\AndroidManifest.xml:22:22-81
uses-permission#android.permission.ACCESS_NETWORK_STATE
ADDED from parking1\JPushExample\AndroidManifest.xml:23:5-79
	android:name
		ADDED from parking1\JPushExample\AndroidManifest.xml:23:22-76
uses-permission#android.permission.ACCESS_WIFI_STATE
ADDED from parking1\JPushExample\AndroidManifest.xml:24:5-76
	android:name
		ADDED from parking1\JPushExample\AndroidManifest.xml:24:22-73
uses-permission#android.permission.VIBRATE
ADDED from parking1\JPushExample\AndroidManifest.xml:27:5-66
	android:name
		ADDED from parking1\JPushExample\AndroidManifest.xml:27:22-63
uses-permission#android.permission.SYSTEM_ALERT_WINDOW
ADDED from parking1\JPushExample\AndroidManifest.xml:28:5-78
	android:name
		ADDED from parking1\JPushExample\AndroidManifest.xml:28:22-75
uses-permission#android.permission.ACCESS_COARSE_LOCATION
ADDED from parking1\JPushExample\AndroidManifest.xml:29:5-81
	android:name
		ADDED from parking1\JPushExample\AndroidManifest.xml:29:22-78
uses-permission#android.permission.CHANGE_WIFI_STATE
ADDED from parking1\JPushExample\AndroidManifest.xml:30:5-76
	android:name
		ADDED from parking1\JPushExample\AndroidManifest.xml:30:22-73
uses-permission#android.permission.ACCESS_FINE_LOCATION
ADDED from parking1\JPushExample\AndroidManifest.xml:31:5-79
	android:name
		ADDED from parking1\JPushExample\AndroidManifest.xml:31:22-76
uses-permission#android.permission.ACCESS_LOCATION_EXTRA_COMMANDS
ADDED from parking1\JPushExample\AndroidManifest.xml:32:5-89
	android:name
		ADDED from parking1\JPushExample\AndroidManifest.xml:32:22-86
uses-permission#android.permission.CHANGE_NETWORK_STATE
ADDED from parking1\JPushExample\AndroidManifest.xml:33:5-79
	android:name
		ADDED from parking1\JPushExample\AndroidManifest.xml:33:22-76
uses-permission#android.permission.GET_TASKS
ADDED from parking1\JPushExample\AndroidManifest.xml:34:5-68
	android:name
		ADDED from parking1\JPushExample\AndroidManifest.xml:34:22-65
application
ADDED from parking1\JPushExample\AndroidManifest.xml:36:5-195:19
	android:label
		ADDED from parking1\JPushExample\AndroidManifest.xml:39:9-41
	android:icon
		ADDED from parking1\JPushExample\AndroidManifest.xml:37:9-45
	android:allowBackup
		ADDED from parking1\JPushExample\AndroidManifest.xml:38:9-36
	android:name
		ADDED from parking1\JPushExample\AndroidManifest.xml:40:9-64
activity#com.example.jpushdemo.MainActivity
ADDED from parking1\JPushExample\AndroidManifest.xml:43:9-50:20
	android:label
		ADDED from parking1\JPushExample\AndroidManifest.xml:45:13-45
	android:name
		ADDED from parking1\JPushExample\AndroidManifest.xml:44:13-62
intent-filter#action:name:android.intent.action.MAIN+category:name:android.intent.category.LAUNCHER
ADDED from parking1\JPushExample\AndroidManifest.xml:46:13-49:29
action#android.intent.action.MAIN
ADDED from parking1\JPushExample\AndroidManifest.xml:47:17-69
	android:name
		ADDED from parking1\JPushExample\AndroidManifest.xml:47:25-66
category#android.intent.category.LAUNCHER
ADDED from parking1\JPushExample\AndroidManifest.xml:48:17-77
	android:name
		ADDED from parking1\JPushExample\AndroidManifest.xml:48:27-74
activity#com.example.jpushdemo.PushSetActivity
ADDED from parking1\JPushExample\AndroidManifest.xml:52:8-115
	android:label
		ADDED from parking1\JPushExample\AndroidManifest.xml:52:71-103
	android:name
		ADDED from parking1\JPushExample\AndroidManifest.xml:52:18-70
activity#com.example.jpushdemo.SettingActivity
ADDED from parking1\JPushExample\AndroidManifest.xml:54:8-115
	android:label
		ADDED from parking1\JPushExample\AndroidManifest.xml:54:71-103
	android:name
		ADDED from parking1\JPushExample\AndroidManifest.xml:54:18-70
activity#com.example.jpushdemo.TestActivity
ADDED from parking1\JPushExample\AndroidManifest.xml:56:9-61:20
	android:exported
		ADDED from parking1\JPushExample\AndroidManifest.xml:56:69-93
	android:name
		ADDED from parking1\JPushExample\AndroidManifest.xml:56:19-68
intent-filter#action:name:jpush.testAction+category:name:jpush.testCategory
ADDED from parking1\JPushExample\AndroidManifest.xml:57:13-60:29
action#jpush.testAction
ADDED from parking1\JPushExample\AndroidManifest.xml:58:17-59
	android:name
		ADDED from parking1\JPushExample\AndroidManifest.xml:58:25-56
category#jpush.testCategory
ADDED from parking1\JPushExample\AndroidManifest.xml:59:17-63
	android:name
		ADDED from parking1\JPushExample\AndroidManifest.xml:59:27-60
activity#cn.jpush.android.ui.PopWinActivity
ADDED from parking1\JPushExample\AndroidManifest.xml:64:9-68:20
	android:exported
		ADDED from parking1\JPushExample\AndroidManifest.xml:67:13-37
	android:theme
		ADDED from parking1\JPushExample\AndroidManifest.xml:66:13-49
	android:name
		ADDED from parking1\JPushExample\AndroidManifest.xml:65:13-62
activity#cn.jpush.android.ui.PushActivity
ADDED from parking1\JPushExample\AndroidManifest.xml:71:9-81:20
	android:exported
		ADDED from parking1\JPushExample\AndroidManifest.xml:75:13-37
	android:configChanges
		ADDED from parking1\JPushExample\AndroidManifest.xml:73:13-63
	android:theme
		ADDED from parking1\JPushExample\AndroidManifest.xml:74:13-60
	android:name
		ADDED from parking1\JPushExample\AndroidManifest.xml:72:13-60
intent-filter#action:name:cn.jpush.android.ui.PushActivity+category:name:android.intent.category.DEFAULT+category:name:com.example.parking
ADDED from parking1\JPushExample\AndroidManifest.xml:76:13-80:29
action#cn.jpush.android.ui.PushActivity
ADDED from parking1\JPushExample\AndroidManifest.xml:77:17-75
	android:name
		ADDED from parking1\JPushExample\AndroidManifest.xml:77:25-72
category#android.intent.category.DEFAULT
ADDED from parking1\JPushExample\AndroidManifest.xml:78:17-76
	android:name
		ADDED from parking1\JPushExample\AndroidManifest.xml:78:27-73
category#com.example.parking
ADDED from parking1\JPushExample\AndroidManifest.xml:79:17-64
	android:name
		ADDED from parking1\JPushExample\AndroidManifest.xml:79:27-61
service#cn.jpush.android.service.PushService
ADDED from parking1\JPushExample\AndroidManifest.xml:85:9-95:19
	android:process
		ADDED from parking1\JPushExample\AndroidManifest.xml:87:13-40
	android:exported
		ADDED from parking1\JPushExample\AndroidManifest.xml:88:13-37
	android:name
		ADDED from parking1\JPushExample\AndroidManifest.xml:86:13-64
intent-filter#action:name:cn.jpush.android.intent.PUSH_TIME+action:name:cn.jpush.android.intent.PushService+action:name:cn.jpush.android.intent.REGISTER+action:name:cn.jpush.android.intent.REPORT
ADDED from parking1\JPushExample\AndroidManifest.xml:89:13-94:29
action#cn.jpush.android.intent.REGISTER
ADDED from parking1\JPushExample\AndroidManifest.xml:90:17-75
	android:name
		ADDED from parking1\JPushExample\AndroidManifest.xml:90:25-72
action#cn.jpush.android.intent.REPORT
ADDED from parking1\JPushExample\AndroidManifest.xml:91:17-73
	android:name
		ADDED from parking1\JPushExample\AndroidManifest.xml:91:25-70
action#cn.jpush.android.intent.PushService
ADDED from parking1\JPushExample\AndroidManifest.xml:92:17-78
	android:name
		ADDED from parking1\JPushExample\AndroidManifest.xml:92:25-75
action#cn.jpush.android.intent.PUSH_TIME
ADDED from parking1\JPushExample\AndroidManifest.xml:93:17-76
	android:name
		ADDED from parking1\JPushExample\AndroidManifest.xml:93:25-73
provider#cn.jpush.android.service.DataProvider
ADDED from parking1\JPushExample\AndroidManifest.xml:97:9-102:11
	android:process
		ADDED from parking1\JPushExample\AndroidManifest.xml:100:13-40
	android:authorities
		ADDED from parking1\JPushExample\AndroidManifest.xml:98:13-67
	android:exported
		ADDED from parking1\JPushExample\AndroidManifest.xml:101:13-37
	android:name
		ADDED from parking1\JPushExample\AndroidManifest.xml:99:13-65
service#cn.jpush.android.service.DaemonService
ADDED from parking1\JPushExample\AndroidManifest.xml:106:9-115:19
	android:enabled
		ADDED from parking1\JPushExample\AndroidManifest.xml:108:13-35
	android:exported
		ADDED from parking1\JPushExample\AndroidManifest.xml:109:13-36
	android:name
		ADDED from parking1\JPushExample\AndroidManifest.xml:107:13-66
intent-filter#action:name:cn.jpush.android.intent.DaemonService+category:name:com.example.parking
ADDED from parking1\JPushExample\AndroidManifest.xml:110:13-113:29
action#cn.jpush.android.intent.DaemonService
ADDED from parking1\JPushExample\AndroidManifest.xml:111:17-80
	android:name
		ADDED from parking1\JPushExample\AndroidManifest.xml:111:25-77
provider#cn.jpush.android.service.DownloadProvider
ADDED from parking1\JPushExample\AndroidManifest.xml:117:9-121:11
	android:authorities
		ADDED from parking1\JPushExample\AndroidManifest.xml:118:13-71
	android:exported
		ADDED from parking1\JPushExample\AndroidManifest.xml:120:13-36
	android:name
		ADDED from parking1\JPushExample\AndroidManifest.xml:119:13-69
receiver#cn.jpush.android.service.PushReceiver
ADDED from parking1\JPushExample\AndroidManifest.xml:123:9-142:20
	android:enabled
		ADDED from parking1\JPushExample\AndroidManifest.xml:125:13-35
	android:exported
		ADDED from parking1\JPushExample\AndroidManifest.xml:126:13-37
	android:name
		ADDED from parking1\JPushExample\AndroidManifest.xml:124:13-65
intent-filter#action:name:cn.jpush.android.intent.NOTIFICATION_RECEIVED_PROXY+category:name:com.example.parking
ADDED from parking1\JPushExample\AndroidManifest.xml:127:13-130:29
	android:priority
		ADDED from parking1\JPushExample\AndroidManifest.xml:127:28-51
action#cn.jpush.android.intent.NOTIFICATION_RECEIVED_PROXY
ADDED from parking1\JPushExample\AndroidManifest.xml:128:17-94
	android:name
		ADDED from parking1\JPushExample\AndroidManifest.xml:128:25-91
intent-filter#action:name:android.intent.action.USER_PRESENT+action:name:android.net.conn.CONNECTIVITY_CHANGE
ADDED from parking1\JPushExample\AndroidManifest.xml:131:13-134:29
action#android.intent.action.USER_PRESENT
ADDED from parking1\JPushExample\AndroidManifest.xml:132:17-77
	android:name
		ADDED from parking1\JPushExample\AndroidManifest.xml:132:25-74
action#android.net.conn.CONNECTIVITY_CHANGE
ADDED from parking1\JPushExample\AndroidManifest.xml:133:17-79
	android:name
		ADDED from parking1\JPushExample\AndroidManifest.xml:133:25-76
intent-filter#action:name:android.intent.action.PACKAGE_ADDED+action:name:android.intent.action.PACKAGE_REMOVED+data:scheme:package
ADDED from parking1\JPushExample\AndroidManifest.xml:136:13-141:29
action#android.intent.action.PACKAGE_ADDED
ADDED from parking1\JPushExample\AndroidManifest.xml:137:17-78
	android:name
		ADDED from parking1\JPushExample\AndroidManifest.xml:137:25-75
action#android.intent.action.PACKAGE_REMOVED
ADDED from parking1\JPushExample\AndroidManifest.xml:138:17-80
	android:name
		ADDED from parking1\JPushExample\AndroidManifest.xml:138:25-77
data
ADDED from parking1\JPushExample\AndroidManifest.xml:140:17-50
	android:scheme
		ADDED from parking1\JPushExample\AndroidManifest.xml:140:23-47
receiver#cn.jpush.android.service.AlarmReceiver
ADDED from parking1\JPushExample\AndroidManifest.xml:145:9-99
	android:exported
		ADDED from parking1\JPushExample\AndroidManifest.xml:145:73-97
	android:name
		ADDED from parking1\JPushExample\AndroidManifest.xml:145:19-72
activity#cn.jpush.android.service.JNotifyActivity
ADDED from parking1\JPushExample\AndroidManifest.xml:148:9-157:20
	android:exported
		ADDED from parking1\JPushExample\AndroidManifest.xml:150:13-36
	android:theme
		ADDED from parking1\JPushExample\AndroidManifest.xml:152:13-72
	android:taskAffinity
		ADDED from parking1\JPushExample\AndroidManifest.xml:151:13-48
	android:name
		ADDED from parking1\JPushExample\AndroidManifest.xml:149:13-68
intent-filter#action:name:cn.jpush.android.intent.JNotifyActivity+category:name:com.example.parking
ADDED from parking1\JPushExample\AndroidManifest.xml:153:13-156:29
action#cn.jpush.android.intent.JNotifyActivity
ADDED from parking1\JPushExample\AndroidManifest.xml:154:17-82
	android:name
		ADDED from parking1\JPushExample\AndroidManifest.xml:154:25-79
service#com.example.jpushdemo.PushService
ADDED from parking1\JPushExample\AndroidManifest.xml:161:10-166:20
	android:process
		ADDED from parking1\JPushExample\AndroidManifest.xml:162:18-45
	android:name
		ADDED from parking1\JPushExample\AndroidManifest.xml:161:19-67
intent-filter#action:name:cn.jiguang.user.service.action
ADDED from parking1\JPushExample\AndroidManifest.xml:163:18-165:34
action#cn.jiguang.user.service.action
ADDED from parking1\JPushExample\AndroidManifest.xml:164:22-78
	android:name
		ADDED from parking1\JPushExample\AndroidManifest.xml:164:30-75
receiver#com.example.jpushdemo.MyReceiver
ADDED from parking1\JPushExample\AndroidManifest.xml:170:9-182:20
	android:enabled
		ADDED from parking1\JPushExample\AndroidManifest.xml:173:13-35
	android:exported
		ADDED from parking1\JPushExample\AndroidManifest.xml:172:13-37
	android:name
		ADDED from parking1\JPushExample\AndroidManifest.xml:171:13-60
intent-filter#action:name:cn.jpush.android.intent.CONNECTION+action:name:cn.jpush.android.intent.MESSAGE_RECEIVED+action:name:cn.jpush.android.intent.NOTIFICATION_OPENED+action:name:cn.jpush.android.intent.NOTIFICATION_RECEIVED+action:name:cn.jpush.android.intent.REGISTRATION+category:name:com.example.parking
ADDED from parking1\JPushExample\AndroidManifest.xml:174:13-181:29
action#cn.jpush.android.intent.REGISTRATION
ADDED from parking1\JPushExample\AndroidManifest.xml:175:17-79
	android:name
		ADDED from parking1\JPushExample\AndroidManifest.xml:175:25-76
action#cn.jpush.android.intent.MESSAGE_RECEIVED
ADDED from parking1\JPushExample\AndroidManifest.xml:176:17-83
	android:name
		ADDED from parking1\JPushExample\AndroidManifest.xml:176:25-80
action#cn.jpush.android.intent.NOTIFICATION_RECEIVED
ADDED from parking1\JPushExample\AndroidManifest.xml:177:17-88
	android:name
		ADDED from parking1\JPushExample\AndroidManifest.xml:177:25-85
action#cn.jpush.android.intent.NOTIFICATION_OPENED
ADDED from parking1\JPushExample\AndroidManifest.xml:178:17-86
	android:name
		ADDED from parking1\JPushExample\AndroidManifest.xml:178:25-83
action#cn.jpush.android.intent.CONNECTION
ADDED from parking1\JPushExample\AndroidManifest.xml:179:17-77
	android:name
		ADDED from parking1\JPushExample\AndroidManifest.xml:179:25-74
receiver#com.example.jpushdemo.MyJPushMessageReceiver
ADDED from parking1\JPushExample\AndroidManifest.xml:185:9-190:20
	android:name
		ADDED from parking1\JPushExample\AndroidManifest.xml:185:19-78
intent-filter#action:name:cn.jpush.android.intent.RECEIVE_MESSAGE+category:name:com.example.parking
ADDED from parking1\JPushExample\AndroidManifest.xml:186:13-189:29
action#cn.jpush.android.intent.RECEIVE_MESSAGE
ADDED from parking1\JPushExample\AndroidManifest.xml:187:17-82
	android:name
		ADDED from parking1\JPushExample\AndroidManifest.xml:187:25-79
meta-data#JPUSH_CHANNEL
ADDED from parking1\JPushExample\AndroidManifest.xml:192:9-84
	android:value
		ADDED from parking1\JPushExample\AndroidManifest.xml:192:49-82
	android:name
		ADDED from parking1\JPushExample\AndroidManifest.xml:192:20-48
meta-data#JPUSH_APPKEY
ADDED from parking1\JPushExample\AndroidManifest.xml:193:9-91
	android:value
		ADDED from parking1\JPushExample\AndroidManifest.xml:193:48-88
	android:name
		ADDED from parking1\JPushExample\AndroidManifest.xml:193:20-47